[debug] ----------------------------------------------------------------------
[debug] Command:      C:\Program Files\nodejs\node.exe C:\Users\CarlosRafael\AppData\Roaming\npm\node_modules\firebase-tools\bin\firebase serve
[debug] CLI Version:  3.2.1
[debug] Platform:     win32
[debug] Node Version: v6.9.1
[debug] Time:         Fri Mar 03 2017 10:06:19 GMT-0300 (E. South America Standard Time)
[debug] ----------------------------------------------------------------------
[debug] 
[info] Starting Firebase development server...
[info] 
[info] Project Directory: C:\Users\CarlosRafael\Documents\Projetos\Cron\Django-server\cronWebsite
[info] Public Directory: public
[info] 
[info] Server listening at: http://localhost:5000
[debug] ----------------------------------------------------------------------
[debug] Command:      C:\Program Files\nodejs\node.exe C:\Users\CarlosRafael\AppData\Roaming\npm\node_modules\firebase-tools\bin\firebase serve
[debug] CLI Version:  3.2.1
[debug] Platform:     win32
[debug] Node Version: v6.9.1
[debug] Time:         Sun Mar 05 2017 19:16:27 GMT-0300 (E. South America Standard Time)
[debug] ----------------------------------------------------------------------
[debug] 
[info] Starting Firebase development server...
[info] 
[info] Project Directory: C:\Users\CarlosRafael\Documents\Projetos\Cron\Django-server\cronWebsite
[info] Public Directory: public
[info] 
[info] Server listening at: http://localhost:5000
[debug] ----------------------------------------------------------------------
[debug] Command:      C:\Program Files\nodejs\node.exe C:\Users\CarlosRafael\AppData\Roaming\npm\node_modules\firebase-tools\bin\firebase serve
[debug] CLI Version:  3.2.1
[debug] Platform:     win32
[debug] Node Version: v6.9.1
[debug] Time:         Mon Mar 06 2017 10:20:00 GMT-0300 (E. South America Standard Time)
[debug] ----------------------------------------------------------------------
[debug] 
[info] Starting Firebase development server...
[info] 
[info] Project Directory: C:\Users\CarlosRafael\Documents\Projetos\Cron\Django-server\cronWebsite
[info] Public Directory: public
[info] 
[info] Server listening at: http://localhost:5000
[debug] ----------------------------------------------------------------------
[debug] Command:      C:\Program Files\nodejs\node.exe C:\Users\CarlosRafael\AppData\Roaming\npm\node_modules\firebase-tools\bin\firebase serve
[debug] CLI Version:  3.2.1
[debug] Platform:     win32
[debug] Node Version: v6.9.1
[debug] Time:         Mon Mar 06 2017 13:17:56 GMT-0300 (E. South America Standard Time)
[debug] ----------------------------------------------------------------------
[debug] 
[info] Starting Firebase development server...
[info] 
[info] Project Directory: C:\Users\CarlosRafael\Documents\Projetos\Cron\Django-server\cronWebsite
[info] Public Directory: public
[info] 
[info] Server listening at: http://localhost:5000
[debug] ----------------------------------------------------------------------
[debug] Command:      C:\Program Files\nodejs\node.exe C:\Users\CarlosRafael\AppData\Roaming\npm\node_modules\firebase-tools\bin\firebase serve
[debug] CLI Version:  3.2.1
[debug] Platform:     win32
[debug] Node Version: v6.9.1
[debug] Time:         Tue Mar 07 2017 09:18:28 GMT-0300 (E. South America Standard Time)
[debug] ----------------------------------------------------------------------
[debug] 
[info] Starting Firebase development server...
[info] 
[info] Project Directory: C:\Users\CarlosRafael\Documents\Projetos\Cron\Django-server\cronWebsite
[info] Public Directory: public
[info] 
[info] Server listening at: http://localhost:5000
[debug] ----------------------------------------------------------------------
[debug] Command:      C:\Program Files\nodejs\node.exe C:\Users\CarlosRafael\AppData\Roaming\npm\node_modules\firebase-tools\bin\firebase serve
[debug] CLI Version:  3.2.1
[debug] Platform:     win32
[debug] Node Version: v6.9.1
[debug] Time:         Wed Mar 08 2017 09:45:36 GMT-0300 (E. South America Standard Time)
[debug] ----------------------------------------------------------------------
[debug] 
[info] Starting Firebase development server...
[info] 
[info] Project Directory: C:\Users\CarlosRafael\Documents\Projetos\Cron\Django-server\cronWebsite
[info] Public Directory: public
[info] 
[info] Server listening at: http://localhost:5000
[debug] ----------------------------------------------------------------------
[debug] Command:      C:\Program Files\nodejs\node.exe C:\Users\CarlosRafael\AppData\Roaming\npm\node_modules\firebase-tools\bin\firebase serve
[debug] CLI Version:  3.2.1
[debug] Platform:     win32
[debug] Node Version: v6.9.1
[debug] Time:         Thu Mar 09 2017 09:29:06 GMT-0300 (E. South America Standard Time)
[debug] ----------------------------------------------------------------------
[debug] 
[info] Starting Firebase development server...
[info] 
[info] Project Directory: C:\Users\CarlosRafael\Documents\Projetos\Cron\Django-server\cronWebsite
[info] Public Directory: public
[info] 
[info] Server listening at: http://localhost:5000
